2022-12-07T23:43:49.375-0600 [DEBUG] [org.gradle.launcher.daemon.bootstrap.DaemonMain] Assuming the daemon was started with following jvm opts: [--add-opens, java.base/java.util=ALL-UNNAMED, --add-opens, java.base/java.lang=ALL-UNNAMED, --add-opens, java.base/java.lang.invoke=ALL-UNNAMED, --add-opens, java.base/java.util=ALL-UNNAMED, --add-opens, java.prefs/java.util.prefs=ALL-UNNAMED, --add-opens, java.prefs/java.util.prefs=ALL-UNNAMED, --add-opens, java.base/java.nio.charset=ALL-UNNAMED, --add-opens, java.base/java.net=ALL-UNNAMED, --add-opens, java.base/java.util.concurrent.atomic=ALL-UNNAMED, -Xmx2048m, -Dfile.encoding=UTF-8, -Duser.country=US, -Duser.language=en, -Duser.variant]
2022-12-07T23:43:49.678-0600 [DEBUG] [org.gradle.internal.nativeintegration.services.NativeServices] Native-platform posix files integration is not available. Continuing with fallback.
2022-12-07T23:43:49.706-0600 [INFO] [org.gradle.launcher.daemon.server.Daemon] start() called on daemon - DefaultDaemonContext[uid=d41606ed-2340-4086-b93d-32c527cef3a6,javaHome=C:\Program Files\Android\Android Studio\jre,daemonRegistryDir=C:\Users\isaac\Desktop\309_Project\3_ug_1\Frontend\daemon,pid=27844,idleTimeout=10800000,priority=NORMAL,daemonOpts=--add-opens,java.base/java.util=ALL-UNNAMED,--add-opens,java.base/java.lang=ALL-UNNAMED,--add-opens,java.base/java.lang.invoke=ALL-UNNAMED,--add-opens,java.base/java.util=ALL-UNNAMED,--add-opens,java.prefs/java.util.prefs=ALL-UNNAMED,--add-opens,java.prefs/java.util.prefs=ALL-UNNAMED,--add-opens,java.base/java.nio.charset=ALL-UNNAMED,--add-opens,java.base/java.net=ALL-UNNAMED,--add-opens,java.base/java.util.concurrent.atomic=ALL-UNNAMED,-Xmx2048m,-Dfile.encoding=UTF-8,-Duser.country=US,-Duser.language=en,-Duser.variant]
2022-12-07T23:43:50.434-0600 [DEBUG] [org.gradle.internal.remote.internal.inet.InetAddresses] Adding IP addresses for network interface Software Loopback Interface 1
2022-12-07T23:43:50.438-0600 [DEBUG] [org.gradle.internal.remote.internal.inet.InetAddresses] Is this a loopback interface? true
2022-12-07T23:43:50.439-0600 [DEBUG] [org.gradle.internal.remote.internal.inet.InetAddresses] Adding loopback address /127.0.0.1
2022-12-07T23:43:50.439-0600 [DEBUG] [org.gradle.internal.remote.internal.inet.InetAddresses] Adding loopback address /0:0:0:0:0:0:0:1
2022-12-07T23:43:50.440-0600 [DEBUG] [org.gradle.internal.remote.internal.inet.InetAddresses] Adding IP addresses for network interface Cisco AnyConnect Virtual Miniport Adapter for Windows x64
2022-12-07T23:43:50.445-0600 [DEBUG] [org.gradle.internal.remote.internal.inet.InetAddresses] Is this a loopback interface? false
2022-12-07T23:43:50.445-0600 [DEBUG] [org.gradle.internal.remote.internal.inet.InetAddresses] Adding remote address /10.65.183.163
2022-12-07T23:43:50.445-0600 [DEBUG] [org.gradle.internal.remote.internal.inet.InetAddresses] Adding remote address /2610:130:100:aaaa:0:0:41:b7a3
2022-12-07T23:43:50.446-0600 [DEBUG] [org.gradle.internal.remote.internal.inet.InetAddresses] Adding remote address /fe80:0:0:0:584c:1125:c415:df8e%eth0
2022-12-07T23:43:50.446-0600 [DEBUG] [org.gradle.internal.remote.internal.inet.InetAddresses] Adding IP addresses for network interface Bluetooth Device (Personal Area Network)
2022-12-07T23:43:50.450-0600 [DEBUG] [org.gradle.internal.remote.internal.inet.InetAddresses] Is this a loopback interface? false
2022-12-07T23:43:50.451-0600 [DEBUG] [org.gradle.internal.remote.internal.inet.InetAddresses] Adding remote address /fe80:0:0:0:54b0:ec11:5e59:f1be%eth1
2022-12-07T23:43:50.451-0600 [DEBUG] [org.gradle.internal.remote.internal.inet.InetAddresses] Adding IP addresses for network interface Microsoft 6to4 Adapter
2022-12-07T23:43:50.455-0600 [DEBUG] [org.gradle.internal.remote.internal.inet.InetAddresses] Is this a loopback interface? false
2022-12-07T23:43:50.455-0600 [DEBUG] [org.gradle.internal.remote.internal.inet.InetAddresses] Adding IP addresses for network interface WAN Miniport (IKEv2)
2022-12-07T23:43:50.459-0600 [DEBUG] [org.gradle.internal.remote.internal.inet.InetAddresses] Is this a loopback interface? false
2022-12-07T23:43:50.460-0600 [DEBUG] [org.gradle.internal.remote.internal.inet.InetAddresses] Adding IP addresses for network interface WAN Miniport (SSTP)
2022-12-07T23:43:50.464-0600 [DEBUG] [org.gradle.internal.remote.internal.inet.InetAddresses] Is this a loopback interface? false
2022-12-07T23:43:50.464-0600 [DEBUG] [org.gradle.internal.remote.internal.inet.InetAddresses] Adding IP addresses for network interface WAN Miniport (L2TP)
2022-12-07T23:43:50.468-0600 [DEBUG] [org.gradle.internal.remote.internal.inet.InetAddresses] Is this a loopback interface? false
2022-12-07T23:43:50.469-0600 [DEBUG] [org.gradle.internal.remote.internal.inet.InetAddresses] Adding IP addresses for network interface Microsoft IP-HTTPS Platform Adapter
2022-12-07T23:43:50.472-0600 [DEBUG] [org.gradle.internal.remote.internal.inet.InetAddresses] Is this a loopback interface? false
2022-12-07T23:43:50.473-0600 [DEBUG] [org.gradle.internal.remote.internal.inet.InetAddresses] Adding IP addresses for network interface WAN Miniport (PPTP)
2022-12-07T23:43:50.476-0600 [DEBUG] [org.gradle.internal.remote.internal.inet.InetAddresses] Is this a loopback interface? false
2022-12-07T23:43:50.476-0600 [DEBUG] [org.gradle.internal.remote.internal.inet.InetAddresses] Adding IP addresses for network interface Microsoft Teredo Tunneling Adapter
2022-12-07T23:43:50.480-0600 [DEBUG] [org.gradle.internal.remote.internal.inet.InetAddresses] Is this a loopback interface? false
2022-12-07T23:43:50.480-0600 [DEBUG] [org.gradle.internal.remote.internal.inet.InetAddresses] Adding IP addresses for network interface Microsoft Kernel Debug Network Adapter
2022-12-07T23:43:50.485-0600 [DEBUG] [org.gradle.internal.remote.internal.inet.InetAddresses] Is this a loopback interface? false
2022-12-07T23:43:50.486-0600 [DEBUG] [org.gradle.internal.remote.internal.inet.InetAddresses] Adding IP addresses for network interface WAN Miniport (IP)
2022-12-07T23:43:50.491-0600 [DEBUG] [org.gradle.internal.remote.internal.inet.InetAddresses] Is this a loopback interface? false
2022-12-07T23:43:50.492-0600 [DEBUG] [org.gradle.internal.remote.internal.inet.InetAddresses] Adding IP addresses for network interface WAN Miniport (PPPOE)
2022-12-07T23:43:50.496-0600 [DEBUG] [org.gradle.internal.remote.internal.inet.InetAddresses] Is this a loopback interface? false
2022-12-07T23:43:50.496-0600 [DEBUG] [org.gradle.internal.remote.internal.inet.InetAddresses] Adding IP addresses for network interface Realtek PCIe GbE Family Controller
2022-12-07T23:43:50.500-0600 [DEBUG] [org.gradle.internal.remote.internal.inet.InetAddresses] Is this a loopback interface? false
2022-12-07T23:43:50.501-0600 [DEBUG] [org.gradle.internal.remote.internal.inet.InetAddresses] Adding remote address /192.168.50.158
2022-12-07T23:43:50.501-0600 [DEBUG] [org.gradle.internal.remote.internal.inet.InetAddresses] Adding remote address /fe80:0:0:0:73f8:1395:e6a4:88ba%eth4
2022-12-07T23:43:50.501-0600 [DEBUG] [org.gradle.internal.remote.internal.inet.InetAddresses] Adding IP addresses for network interface WAN Miniport (Network Monitor)
2022-12-07T23:43:50.505-0600 [DEBUG] [org.gradle.internal.remote.internal.inet.InetAddresses] Is this a loopback interface? false
2022-12-07T23:43:50.506-0600 [DEBUG] [org.gradle.internal.remote.internal.inet.InetAddresses] Adding IP addresses for network interface Private Internet Access Network Adapter
2022-12-07T23:43:50.512-0600 [DEBUG] [org.gradle.internal.remote.internal.inet.InetAddresses] Is this a loopback interface? false
2022-12-07T23:43:50.512-0600 [DEBUG] [org.gradle.internal.remote.internal.inet.InetAddresses] Adding remote address /fe80:0:0:0:9242:f4e2:709:a21%net7
2022-12-07T23:43:50.513-0600 [DEBUG] [org.gradle.internal.remote.internal.inet.InetAddresses] Adding IP addresses for network interface WAN Miniport (IPv6)
2022-12-07T23:43:50.517-0600 [DEBUG] [org.gradle.internal.remote.internal.inet.InetAddresses] Is this a loopback interface? false
2022-12-07T23:43:50.517-0600 [DEBUG] [org.gradle.internal.remote.internal.inet.InetAddresses] Adding IP addresses for network interface VirtualBox Host-Only Ethernet Adapter
2022-12-07T23:43:50.521-0600 [DEBUG] [org.gradle.internal.remote.internal.inet.InetAddresses] Is this a loopback interface? false
2022-12-07T23:43:50.522-0600 [DEBUG] [org.gradle.internal.remote.internal.inet.InetAddresses] Adding remote address /192.168.56.1
2022-12-07T23:43:50.522-0600 [DEBUG] [org.gradle.internal.remote.internal.inet.InetAddresses] Adding remote address /fe80:0:0:0:bcff:6c1f:cdd:4072%eth7
2022-12-07T23:43:50.522-0600 [DEBUG] [org.gradle.internal.remote.internal.inet.InetAddresses] Adding IP addresses for network interface VirtualBox Host-Only Ethernet Adapter-WFP Native MAC Layer LightWeight Filter-0000
2022-12-07T23:43:50.526-0600 [DEBUG] [org.gradle.internal.remote.internal.inet.InetAddresses] Is this a loopback interface? false
2022-12-07T23:43:50.526-0600 [DEBUG] [org.gradle.internal.remote.internal.inet.InetAddresses] Adding IP addresses for network interface VirtualBox Host-Only Ethernet Adapter-Npcap Packet Driver (NPCAP)-0000
2022-12-07T23:43:50.530-0600 [DEBUG] [org.gradle.internal.remote.internal.inet.InetAddresses] Is this a loopback interface? false
2022-12-07T23:43:50.530-0600 [DEBUG] [org.gradle.internal.remote.internal.inet.InetAddresses] Adding IP addresses for network interface VirtualBox Host-Only Ethernet Adapter-QoS Packet Scheduler-0000
2022-12-07T23:43:50.535-0600 [DEBUG] [org.gradle.internal.remote.internal.inet.InetAddresses] Is this a loopback interface? false
2022-12-07T23:43:50.536-0600 [DEBUG] [org.gradle.internal.remote.internal.inet.InetAddresses] Adding IP addresses for network interface VirtualBox Host-Only Ethernet Adapter-WFP 802.3 MAC Layer LightWeight Filter-0000
2022-12-07T23:43:50.541-0600 [DEBUG] [org.gradle.internal.remote.internal.inet.InetAddresses] Is this a loopback interface? false
2022-12-07T23:43:50.541-0600 [DEBUG] [org.gradle.internal.remote.internal.inet.InetAddresses] Adding IP addresses for network interface Private Internet Access Network Adapter-WFP Native MAC Layer LightWeight Filter-0000
2022-12-07T23:43:50.546-0600 [DEBUG] [org.gradle.internal.remote.internal.inet.InetAddresses] Is this a loopback interface? false
2022-12-07T23:43:50.546-0600 [DEBUG] [org.gradle.internal.remote.internal.inet.InetAddresses] Adding IP addresses for network interface Private Internet Access Network Adapter-Npcap Packet Driver (NPCAP)-0000
2022-12-07T23:43:50.551-0600 [DEBUG] [org.gradle.internal.remote.internal.inet.InetAddresses] Is this a loopback interface? false
2022-12-07T23:43:50.551-0600 [DEBUG] [org.gradle.internal.remote.internal.inet.InetAddresses] Adding IP addresses for network interface Private Internet Access Network Adapter-VirtualBox NDIS Light-Weight Filter-0000
2022-12-07T23:43:50.556-0600 [DEBUG] [org.gradle.internal.remote.internal.inet.InetAddresses] Is this a loopback interface? false
2022-12-07T23:43:50.556-0600 [DEBUG] [org.gradle.internal.remote.internal.inet.InetAddresses] Adding IP addresses for network interface Private Internet Access Network Adapter-QoS Packet Scheduler-0000
2022-12-07T23:43:50.561-0600 [DEBUG] [org.gradle.internal.remote.internal.inet.InetAddresses] Is this a loopback interface? false
2022-12-07T23:43:50.562-0600 [DEBUG] [org.gradle.internal.remote.internal.inet.InetAddresses] Adding IP addresses for network interface Private Internet Access Network Adapter-WFP 802.3 MAC Layer LightWeight Filter-0000
2022-12-07T23:43:50.567-0600 [DEBUG] [org.gradle.internal.remote.internal.inet.InetAddresses] Is this a loopback interface? false
2022-12-07T23:43:50.568-0600 [DEBUG] [org.gradle.internal.remote.internal.inet.InetAddresses] Adding IP addresses for network interface Realtek PCIe GbE Family Controller-WFP Native MAC Layer LightWeight Filter-0000
2022-12-07T23:43:50.572-0600 [DEBUG] [org.gradle.internal.remote.internal.inet.InetAddresses] Is this a loopback interface? false
2022-12-07T23:43:50.573-0600 [DEBUG] [org.gradle.internal.remote.internal.inet.InetAddresses] Adding IP addresses for network interface Realtek PCIe GbE Family Controller-Npcap Packet Driver (NPCAP)-0000
2022-12-07T23:43:50.578-0600 [DEBUG] [org.gradle.internal.remote.internal.inet.InetAddresses] Is this a loopback interface? false
2022-12-07T23:43:50.578-0600 [DEBUG] [org.gradle.internal.remote.internal.inet.InetAddresses] Adding IP addresses for network interface Realtek PCIe GbE Family Controller-VirtualBox NDIS Light-Weight Filter-0000
2022-12-07T23:43:50.583-0600 [DEBUG] [org.gradle.internal.remote.internal.inet.InetAddresses] Is this a loopback interface? false
2022-12-07T23:43:50.583-0600 [DEBUG] [org.gradle.internal.remote.internal.inet.InetAddresses] Adding IP addresses for network interface Realtek PCIe GbE Family Controller-QoS Packet Scheduler-0000
2022-12-07T23:43:50.588-0600 [DEBUG] [org.gradle.internal.remote.internal.inet.InetAddresses] Is this a loopback interface? false
2022-12-07T23:43:50.588-0600 [DEBUG] [org.gradle.internal.remote.internal.inet.InetAddresses] Adding IP addresses for network interface Realtek PCIe GbE Family Controller-WFP 802.3 MAC Layer LightWeight Filter-0000
2022-12-07T23:43:50.592-0600 [DEBUG] [org.gradle.internal.remote.internal.inet.InetAddresses] Is this a loopback interface? false
2022-12-07T23:43:50.592-0600 [DEBUG] [org.gradle.internal.remote.internal.inet.InetAddresses] Adding IP addresses for network interface Bluetooth Device (Personal Area Network)-Npcap Packet Driver (NPCAP)-0000
2022-12-07T23:43:50.597-0600 [DEBUG] [org.gradle.internal.remote.internal.inet.InetAddresses] Is this a loopback interface? false
2022-12-07T23:43:50.598-0600 [DEBUG] [org.gradle.internal.remote.internal.inet.InetAddresses] Adding IP addresses for network interface WAN Miniport (IP)-WFP Native MAC Layer LightWeight Filter-0000
2022-12-07T23:43:50.602-0600 [DEBUG] [org.gradle.internal.remote.internal.inet.InetAddresses] Is this a loopback interface? false
2022-12-07T23:43:50.603-0600 [DEBUG] [org.gradle.internal.remote.internal.inet.InetAddresses] Adding IP addresses for network interface WAN Miniport (IP)-Npcap Packet Driver (NPCAP)-0000
2022-12-07T23:43:50.608-0600 [DEBUG] [org.gradle.internal.remote.internal.inet.InetAddresses] Is this a loopback interface? false
2022-12-07T23:43:50.608-0600 [DEBUG] [org.gradle.internal.remote.internal.inet.InetAddresses] Adding IP addresses for network interface WAN Miniport (IP)-QoS Packet Scheduler-0000
2022-12-07T23:43:50.612-0600 [DEBUG] [org.gradle.internal.remote.internal.inet.InetAddresses] Is this a loopback interface? false
2022-12-07T23:43:50.613-0600 [DEBUG] [org.gradle.internal.remote.internal.inet.InetAddresses] Adding IP addresses for network interface WAN Miniport (IPv6)-WFP Native MAC Layer LightWeight Filter-0000
2022-12-07T23:43:50.616-0600 [DEBUG] [org.gradle.internal.remote.internal.inet.InetAddresses] Is this a loopback interface? false
2022-12-07T23:43:50.616-0600 [DEBUG] [org.gradle.internal.remote.internal.inet.InetAddresses] Adding IP addresses for network interface WAN Miniport (IPv6)-Npcap Packet Driver (NPCAP)-0000
2022-12-07T23:43:50.619-0600 [DEBUG] [org.gradle.internal.remote.internal.inet.InetAddresses] Is this a loopback interface? false
2022-12-07T23:43:50.620-0600 [DEBUG] [org.gradle.internal.remote.internal.inet.InetAddresses] Adding IP addresses for network interface WAN Miniport (IPv6)-QoS Packet Scheduler-0000
2022-12-07T23:43:50.623-0600 [DEBUG] [org.gradle.internal.remote.internal.inet.InetAddresses] Is this a loopback interface? false
2022-12-07T23:43:50.623-0600 [DEBUG] [org.gradle.internal.remote.internal.inet.InetAddresses] Adding IP addresses for network interface WAN Miniport (Network Monitor)-WFP Native MAC Layer LightWeight Filter-0000
2022-12-07T23:43:50.626-0600 [DEBUG] [org.gradle.internal.remote.internal.inet.InetAddresses] Is this a loopback interface? false
2022-12-07T23:43:50.627-0600 [DEBUG] [org.gradle.internal.remote.internal.inet.InetAddresses] Adding IP addresses for network interface WAN Miniport (Network Monitor)-Npcap Packet Driver (NPCAP)-0000
2022-12-07T23:43:50.630-0600 [DEBUG] [org.gradle.internal.remote.internal.inet.InetAddresses] Is this a loopback interface? false
2022-12-07T23:43:50.631-0600 [DEBUG] [org.gradle.internal.remote.internal.inet.InetAddresses] Adding IP addresses for network interface WAN Miniport (Network Monitor)-QoS Packet Scheduler-0000
2022-12-07T23:43:50.634-0600 [DEBUG] [org.gradle.internal.remote.internal.inet.InetAddresses] Is this a loopback interface? false
2022-12-07T23:43:50.634-0600 [DEBUG] [org.gradle.internal.remote.internal.inet.InetAddresses] Adding IP addresses for network interface Cisco AnyConnect Virtual Miniport Adapter for Windows x64-WFP Native MAC Layer LightWeight Filter-0000
2022-12-07T23:43:50.638-0600 [DEBUG] [org.gradle.internal.remote.internal.inet.InetAddresses] Is this a loopback interface? false
2022-12-07T23:43:50.638-0600 [DEBUG] [org.gradle.internal.remote.internal.inet.InetAddresses] Adding IP addresses for network interface Apple Mobile Device Ethernet
2022-12-07T23:43:50.642-0600 [DEBUG] [org.gradle.internal.remote.internal.inet.InetAddresses] Is this a loopback interface? false
2022-12-07T23:43:50.642-0600 [DEBUG] [org.gradle.internal.remote.internal.inet.InetAddresses] Adding IP addresses for network interface Cisco AnyConnect Virtual Miniport Adapter for Windows x64-Npcap Packet Driver (NPCAP)-0000
2022-12-07T23:43:50.647-0600 [DEBUG] [org.gradle.internal.remote.internal.inet.InetAddresses] Is this a loopback interface? false
2022-12-07T23:43:50.647-0600 [DEBUG] [org.gradle.internal.remote.internal.inet.InetAddresses] Adding IP addresses for network interface Cisco AnyConnect Virtual Miniport Adapter for Windows x64-VirtualBox NDIS Light-Weight Filter-0000
2022-12-07T23:43:50.652-0600 [DEBUG] [org.gradle.internal.remote.internal.inet.InetAddresses] Is this a loopback interface? false
2022-12-07T23:43:50.653-0600 [DEBUG] [org.gradle.internal.remote.internal.inet.InetAddresses] Adding IP addresses for network interface Cisco AnyConnect Virtual Miniport Adapter for Windows x64-QoS Packet Scheduler-0000
2022-12-07T23:43:50.657-0600 [DEBUG] [org.gradle.internal.remote.internal.inet.InetAddresses] Is this a loopback interface? false
2022-12-07T23:43:50.658-0600 [DEBUG] [org.gradle.internal.remote.internal.inet.InetAddresses] Adding IP addresses for network interface Cisco AnyConnect Virtual Miniport Adapter for Windows x64-WFP 802.3 MAC Layer LightWeight Filter-0000
2022-12-07T23:43:50.662-0600 [DEBUG] [org.gradle.internal.remote.internal.inet.InetAddresses] Is this a loopback interface? false
2022-12-07T23:43:50.666-0600 [DEBUG] [org.gradle.internal.remote.internal.inet.TcpIncomingConnector] Listening on [bc0c18ab-72fe-4cbb-b113-c63ab5061262 port:49873, addresses:[localhost/127.0.0.1]].
2022-12-07T23:43:50.677-0600 [DEBUG] [org.gradle.launcher.daemon.server.Daemon] Daemon starting at: Wed Dec 07 23:43:50 CST 2022, with address: [bc0c18ab-72fe-4cbb-b113-c63ab5061262 port:49873, addresses:[localhost/127.0.0.1]]
2022-12-07T23:43:50.677-0600 [INFO] [org.gradle.launcher.daemon.server.DaemonRegistryUpdater] Advertising the daemon address to the clients: [bc0c18ab-72fe-4cbb-b113-c63ab5061262 port:49873, addresses:[localhost/127.0.0.1]]
2022-12-07T23:43:50.678-0600 [DEBUG] [org.gradle.launcher.daemon.server.DaemonRegistryUpdater] Advertised daemon context: DefaultDaemonContext[uid=d41606ed-2340-4086-b93d-32c527cef3a6,javaHome=C:\Program Files\Android\Android Studio\jre,daemonRegistryDir=C:\Users\isaac\Desktop\309_Project\3_ug_1\Frontend\daemon,pid=27844,idleTimeout=10800000,priority=NORMAL,daemonOpts=--add-opens,java.base/java.util=ALL-UNNAMED,--add-opens,java.base/java.lang=ALL-UNNAMED,--add-opens,java.base/java.lang.invoke=ALL-UNNAMED,--add-opens,java.base/java.util=ALL-UNNAMED,--add-opens,java.prefs/java.util.prefs=ALL-UNNAMED,--add-opens,java.prefs/java.util.prefs=ALL-UNNAMED,--add-opens,java.base/java.nio.charset=ALL-UNNAMED,--add-opens,java.base/java.net=ALL-UNNAMED,--add-opens,java.base/java.util.concurrent.atomic=ALL-UNNAMED,-Xmx2048m,-Dfile.encoding=UTF-8,-Duser.country=US,-Duser.language=en,-Duser.variant]
2022-12-07T23:43:50.680-0600 [DEBUG] [org.gradle.launcher.daemon.registry.PersistentDaemonRegistry] Storing daemon address: [bc0c18ab-72fe-4cbb-b113-c63ab5061262 port:49873, addresses:[localhost/127.0.0.1]], context: DefaultDaemonContext[uid=d41606ed-2340-4086-b93d-32c527cef3a6,javaHome=C:\Program Files\Android\Android Studio\jre,daemonRegistryDir=C:\Users\isaac\Desktop\309_Project\3_ug_1\Frontend\daemon,pid=27844,idleTimeout=10800000,priority=NORMAL,daemonOpts=--add-opens,java.base/java.util=ALL-UNNAMED,--add-opens,java.base/java.lang=ALL-UNNAMED,--add-opens,java.base/java.lang.invoke=ALL-UNNAMED,--add-opens,java.base/java.util=ALL-UNNAMED,--add-opens,java.prefs/java.util.prefs=ALL-UNNAMED,--add-opens,java.prefs/java.util.prefs=ALL-UNNAMED,--add-opens,java.base/java.nio.charset=ALL-UNNAMED,--add-opens,java.base/java.net=ALL-UNNAMED,--add-opens,java.base/java.util.concurrent.atomic=ALL-UNNAMED,-Xmx2048m,-Dfile.encoding=UTF-8,-Duser.country=US,-Duser.language=en,-Duser.variant]
2022-12-07T23:43:50.699-0600 [DEBUG] [org.gradle.cache.internal.DefaultFileLockManager] Waiting to acquire exclusive lock on daemon addresses registry.
2022-12-07T23:43:50.709-0600 [DEBUG] [org.gradle.cache.internal.DefaultFileLockManager] Lock acquired on daemon addresses registry.
2022-12-07T23:43:50.725-0600 [DEBUG] [org.gradle.cache.internal.DefaultFileLockManager] Releasing lock on daemon addresses registry.
2022-12-07T23:43:50.726-0600 [LIFECYCLE] [org.gradle.launcher.daemon.server.Daemon] Daemon server started.
2022-12-07T23:43:50.728-0600 [DEBUG] [org.gradle.launcher.daemon.bootstrap.DaemonStartupCommunication] Completed writing the daemon greeting. Closing streams...
2022-12-07T23:43:50.735-0600 [DEBUG] [org.gradle.launcher.daemon.server.Daemon] stopOnExpiration() called on daemon
2022-12-07T23:43:50.736-0600 [DEBUG] [org.gradle.internal.remote.internal.inet.TcpIncomingConnector] Accepted connection from /127.0.0.1:49879 to /127.0.0.1:49873.
2022-12-07T23:43:50.737-0600 [DEBUG] [org.gradle.launcher.daemon.server.Daemon] awaitExpiration() called on daemon
2022-12-07T23:43:50.741-0600 [DEBUG] [org.gradle.launcher.daemon.server.DaemonStateCoordinator] daemon is running. Sleeping until state changes.
2022-12-07T23:43:50.799-0600 [DEBUG] [org.gradle.launcher.daemon.server.SynchronizedDispatchConnection] thread 20: received class org.gradle.launcher.daemon.protocol.Build
2022-12-07T23:43:50.799-0600 [DEBUG] [org.gradle.launcher.daemon.server.DefaultDaemonConnection] thread 20: Received non-IO message from client: Build{id=5db12306-e541-4fc4-83cd-a9b25eb2e736, currentDir=C:\Users\isaac\Desktop\309_Project\3_ug_1\Frontend}
2022-12-07T23:43:50.799-0600 [INFO] [org.gradle.launcher.daemon.server.DefaultIncomingConnectionHandler] Received command: Build{id=5db12306-e541-4fc4-83cd-a9b25eb2e736, currentDir=C:\Users\isaac\Desktop\309_Project\3_ug_1\Frontend}.
2022-12-07T23:43:50.800-0600 [DEBUG] [org.gradle.launcher.daemon.server.DefaultIncomingConnectionHandler] Starting executing command: Build{id=5db12306-e541-4fc4-83cd-a9b25eb2e736, currentDir=C:\Users\isaac\Desktop\309_Project\3_ug_1\Frontend} with connection: socket connection from /127.0.0.1:49873 to /127.0.0.1:49879.
2022-12-07T23:43:50.805-0600 [DEBUG] [org.gradle.launcher.daemon.server.DaemonStateCoordinator] Command execution: started DaemonCommandExecution[command = Build{id=5db12306-e541-4fc4-83cd-a9b25eb2e736, currentDir=C:\Users\isaac\Desktop\309_Project\3_ug_1\Frontend}, connection = DefaultDaemonConnection: socket connection from /127.0.0.1:49873 to /127.0.0.1:49879] after 0.0 minutes of idle
2022-12-07T23:43:50.805-0600 [INFO] [org.gradle.launcher.daemon.server.DaemonRegistryUpdater] Marking the daemon as busy, address: [bc0c18ab-72fe-4cbb-b113-c63ab5061262 port:49873, addresses:[localhost/127.0.0.1]]
2022-12-07T23:43:50.806-0600 [DEBUG] [org.gradle.launcher.daemon.registry.PersistentDaemonRegistry] Marking busy by address: [bc0c18ab-72fe-4cbb-b113-c63ab5061262 port:49873, addresses:[localhost/127.0.0.1]]
2022-12-07T23:43:50.807-0600 [DEBUG] [org.gradle.cache.internal.DefaultFileLockManager] Waiting to acquire exclusive lock on daemon addresses registry.
2022-12-07T23:43:50.808-0600 [DEBUG] [org.gradle.cache.internal.DefaultFileLockManager] Lock acquired on daemon addresses registry.
2022-12-07T23:43:50.811-0600 [DEBUG] [org.gradle.cache.internal.DefaultFileLockManager] Releasing lock on daemon addresses registry.
2022-12-07T23:43:50.811-0600 [DEBUG] [org.gradle.launcher.daemon.server.DaemonStateCoordinator] resetting idle timer
2022-12-07T23:43:50.812-0600 [DEBUG] [org.gradle.launcher.daemon.server.DaemonStateCoordinator] daemon is running. Sleeping until state changes.
2022-12-07T23:43:50.814-0600 [INFO] [org.gradle.launcher.daemon.server.exec.StartBuildOrRespondWithBusy] Daemon is about to start building Build{id=5db12306-e541-4fc4-83cd-a9b25eb2e736, currentDir=C:\Users\isaac\Desktop\309_Project\3_ug_1\Frontend}. Dispatching build started information...
2022-12-07T23:43:50.815-0600 [DEBUG] [org.gradle.launcher.daemon.server.SynchronizedDispatchConnection] thread 22: dispatching org.gradle.launcher.daemon.protocol.BuildStarted@52482364
2022-12-07T23:43:50.818-0600 [DEBUG] [org.gradle.launcher.daemon.server.SynchronizedDispatchConnection] thread 20: received class org.gradle.launcher.daemon.protocol.CloseInput
2022-12-07T23:43:50.818-0600 [DEBUG] [org.gradle.launcher.daemon.server.DefaultDaemonConnection] thread 20: Received IO message from client: org.gradle.launcher.daemon.protocol.CloseInput@78a08fc7
2022-12-07T23:43:50.819-0600 [DEBUG] [org.gradle.launcher.daemon.server.exec.EstablishBuildEnvironment] Configuring env variables: [USERDOMAIN_ROAMINGPROFILE, PROCESSOR_LEVEL, SESSIONNAME, =M:, ALLUSERSPROFILE, PROCESSOR_ARCHITECTURE, PSModulePath, SystemDrive, =E:, USERNAME, OculusBase, ProgramFiles(x86), FPS_BROWSER_USER_PROFILE_STRING, PATHEXT, DriverData, OneDriveConsumer, ProgramData, ProgramW6432, HOMEPATH, PROCESSOR_IDENTIFIER, ProgramFiles, PUBLIC, windir, =::, LOCALAPPDATA, USERDOMAIN, LOGONSERVER, FPS_BROWSER_APP_PROFILE_STRING, asl.log, OneDrive, APPDATA, VBOX_MSI_INSTALL_PATH, CommonProgramFiles, Path, PROG27B48B2C052, OS, COMPUTERNAME, PROCESSOR_REVISION, CommonProgramW6432, ComSpec, =D:, TEMP, SystemRoot, HOMEDRIVE, USERPROFILE, TMP, CommonProgramFiles(x86), NUMBER_OF_PROCESSORS, IDEA_INITIAL_DIRECTORY]
2022-12-07T23:43:50.828-0600 [DEBUG] [org.gradle.launcher.daemon.server.exec.LogToClient] About to start relaying all logs to the client via the connection.
2022-12-07T23:43:50.828-0600 [INFO] [org.gradle.launcher.daemon.server.exec.LogToClient] The client will now receive all logging from the daemon (pid: 27844). The daemon log file: C:\Users\isaac\Desktop\309_Project\3_ug_1\Frontend\daemon\7.3.3\daemon-27844.out.log
2022-12-07T23:43:50.831-0600 [INFO] [org.gradle.launcher.daemon.server.exec.LogAndCheckHealth] Starting build in new daemon [memory: 2 GiB]
2022-12-07T23:43:50.833-0600 [INFO] [org.gradle.launcher.daemon.server.exec.ForwardClientInput] Closing daemon's stdin at end of input.
2022-12-07T23:43:50.834-0600 [INFO] [org.gradle.launcher.daemon.server.exec.ForwardClientInput] The daemon will no longer process any standard input.
2022-12-07T23:43:50.839-0600 [DEBUG] [org.gradle.launcher.daemon.server.exec.ExecuteBuild] The daemon has started executing the build.
2022-12-07T23:43:50.840-0600 [DEBUG] [org.gradle.launcher.daemon.server.exec.ExecuteBuild] Executing build with daemon context: DefaultDaemonContext[uid=d41606ed-2340-4086-b93d-32c527cef3a6,javaHome=C:\Program Files\Android\Android Studio\jre,daemonRegistryDir=C:\Users\isaac\Desktop\309_Project\3_ug_1\Frontend\daemon,pid=27844,idleTimeout=10800000,priority=NORMAL,daemonOpts=--add-opens,java.base/java.util=ALL-UNNAMED,--add-opens,java.base/java.lang=ALL-UNNAMED,--add-opens,java.base/java.lang.invoke=ALL-UNNAMED,--add-opens,java.base/java.util=ALL-UNNAMED,--add-opens,java.prefs/java.util.prefs=ALL-UNNAMED,--add-opens,java.prefs/java.util.prefs=ALL-UNNAMED,--add-opens,java.base/java.nio.charset=ALL-UNNAMED,--add-opens,java.base/java.net=ALL-UNNAMED,--add-opens,java.base/java.util.concurrent.atomic=ALL-UNNAMED,-Xmx2048m,-Dfile.encoding=UTF-8,-Duser.country=US,-Duser.language=en,-Duser.variant]

BUILD SUCCESSFUL in 21s
31 actionable tasks: 31 up-to-date
2022-12-07T23:44:08.758-0600 [DEBUG] [org.gradle.cache.internal.LockOnDemandCrossProcessCacheAccess] Lock on artifact cache (C:\Users\isaac\Desktop\309_Project\3_ug_1\Frontend\caches\modules-2) requested by another process - releasing lock.
2022-12-07T23:44:08.760-0600 [DEBUG] [org.gradle.cache.internal.LockOnDemandCrossProcessCacheAccess] Releasing file lock for artifact cache (C:\Users\isaac\Desktop\309_Project\3_ug_1\Frontend\caches\modules-2)
2022-12-07T23:44:08.760-0600 [DEBUG] [org.gradle.cache.internal.DefaultFileLockManager] Releasing lock on artifact cache (C:\Users\isaac\Desktop\309_Project\3_ug_1\Frontend\caches\modules-2).
2022-12-07T23:44:08.761-0600 [DEBUG] [org.gradle.cache.internal.locklistener.FileLockCommunicator] Confirming lock release to Gradle process at port 65049 for lock with id 5297024925049776856.
2022-12-07T23:44:08.761-0600 [DEBUG] [org.gradle.cache.internal.locklistener.FileLockCommunicator] Confirming lock release to Gradle process at port 65049 for lock with id 5297024925049776856.
2022-12-07T23:44:08.767-0600 [DEBUG] [org.gradle.launcher.daemon.server.exec.ExecuteBuild] The daemon has finished executing the build.
2022-12-07T23:44:08.783-0600 [DEBUG] [org.gradle.launcher.daemon.server.DaemonStateCoordinator] daemon is running. Sleeping until state changes.
2022-12-07T23:44:08.784-0600 [DEBUG] [org.gradle.launcher.daemon.server.DaemonStateCoordinator] Command execution: finished waiting for DaemonCommandExecution[command = Build{id=5db12306-e541-4fc4-83cd-a9b25eb2e736, currentDir=C:\Users\isaac\Desktop\309_Project\3_ug_1\Frontend}, connection = DefaultDaemonConnection: socket connection from /127.0.0.1:49873 to /127.0.0.1:49879]. Result org.gradle.launcher.daemon.server.DaemonStateCoordinator@324ced30 with state Busy
2022-12-07T23:44:08.785-0600 [DEBUG] [org.gradle.launcher.daemon.server.DaemonStateCoordinator] Command execution: completed DaemonCommandExecution[command = Build{id=5db12306-e541-4fc4-83cd-a9b25eb2e736, currentDir=C:\Users\isaac\Desktop\309_Project\3_ug_1\Frontend}, connection = DefaultDaemonConnection: socket connection from /127.0.0.1:49873 to /127.0.0.1:49879]
2022-12-07T23:44:08.785-0600 [DEBUG] [org.gradle.launcher.daemon.server.DaemonStateCoordinator] resetting idle timer
2022-12-07T23:44:08.785-0600 [INFO] [org.gradle.launcher.daemon.server.DaemonRegistryUpdater] Marking the daemon as idle, address: [bc0c18ab-72fe-4cbb-b113-c63ab5061262 port:49873, addresses:[localhost/127.0.0.1]]
2022-12-07T23:44:08.786-0600 [DEBUG] [org.gradle.launcher.daemon.registry.PersistentDaemonRegistry] Marking busy by address: [bc0c18ab-72fe-4cbb-b113-c63ab5061262 port:49873, addresses:[localhost/127.0.0.1]]
2022-12-07T23:44:08.790-0600 [DEBUG] [org.gradle.cache.internal.DefaultFileLockManager] Waiting to acquire exclusive lock on daemon addresses registry.
2022-12-07T23:44:08.792-0600 [DEBUG] [org.gradle.cache.internal.DefaultFileLockManager] Lock acquired on daemon addresses registry.
2022-12-07T23:44:08.797-0600 [DEBUG] [org.gradle.cache.internal.DefaultFileLockManager] Releasing lock on daemon addresses registry.
2022-12-07T23:44:08.813-0600 [DEBUG] [org.gradle.launcher.daemon.server.DaemonStateCoordinator] daemon is running. Sleeping until state changes.
2022-12-07T23:44:08.820-0600 [DEBUG] [org.gradle.launcher.daemon.server.exec.ReturnResult] Daemon is dispatching the build result: Success[value=org.gradle.launcher.exec.BuildActionResult@359f6f87]
2022-12-07T23:44:08.821-0600 [DEBUG] [org.gradle.launcher.daemon.server.SynchronizedDispatchConnection] thread 19: dispatching Success[value=org.gradle.launcher.exec.BuildActionResult@359f6f87]
2022-12-07T23:44:08.827-0600 [DEBUG] [org.gradle.launcher.daemon.server.DefaultIncomingConnectionHandler] Finishing executing command: Build{id=5db12306-e541-4fc4-83cd-a9b25eb2e736, currentDir=C:\Users\isaac\Desktop\309_Project\3_ug_1\Frontend}
2022-12-07T23:44:08.829-0600 [DEBUG] [org.gradle.launcher.daemon.server.SynchronizedDispatchConnection] thread 20: received class org.gradle.launcher.daemon.protocol.Finished
2022-12-07T23:44:08.829-0600 [DEBUG] [org.gradle.launcher.daemon.server.DefaultDaemonConnection] thread 20: Received non-IO message from client: org.gradle.launcher.daemon.protocol.Finished@6be2268b
2022-12-07T23:44:08.831-0600 [DEBUG] [org.gradle.launcher.daemon.server.DefaultIncomingConnectionHandler] Received finished message: org.gradle.launcher.daemon.protocol.Finished@6be2268b
2022-12-07T23:44:08.831-0600 [DEBUG] [org.gradle.launcher.daemon.server.SynchronizedDispatchConnection] thread 19: stopping connection
2022-12-07T23:44:08.833-0600 [DEBUG] [org.gradle.internal.remote.internal.inet.SocketConnection] Discarding EOFException: java.io.EOFException
2022-12-07T23:44:08.833-0600 [DEBUG] [org.gradle.launcher.daemon.server.SynchronizedDispatchConnection] thread 20: received null
2022-12-07T23:44:08.833-0600 [DEBUG] [org.gradle.launcher.daemon.server.DefaultDaemonConnection] thread 20: Received end-of-input from client.
2022-12-07T23:44:08.879-0600 [DEBUG] [org.gradle.launcher.daemon.server.SynchronizedDispatchConnection] thread 19: stopping connection
2022-12-07T23:44:10.741-0600 [DEBUG] [org.gradle.cache.internal.DefaultFileLockManager] Waiting to acquire shared lock on daemon addresses registry.
2022-12-07T23:44:10.741-0600 [DEBUG] [org.gradle.cache.internal.DefaultFileLockManager] Lock acquired on daemon addresses registry.
2022-12-07T23:44:10.742-0600 [DEBUG] [org.gradle.cache.internal.DefaultFileLockManager] Releasing lock on daemon addresses registry.
2022-12-07T23:44:10.744-0600 [DEBUG] [org.gradle.cache.internal.DefaultFileLockManager] Waiting to acquire shared lock on daemon addresses registry.
2022-12-07T23:44:10.745-0600 [DEBUG] [org.gradle.cache.internal.DefaultFileLockManager] Lock acquired on daemon addresses registry.
2022-12-07T23:44:10.745-0600 [DEBUG] [org.gradle.cache.internal.DefaultFileLockManager] Releasing lock on daemon addresses registry.
2022-12-07T23:44:20.440-0600 [DEBUG] [org.gradle.internal.watch.registry.impl.DefaultFileWatcherProbeRegistry] Triggering watch probe for C:\Users\isaac\Desktop\309_Project\3_ug_1\Frontend
2022-12-07T23:44:20.440-0600 [DEBUG] [org.gradle.internal.watch.registry.impl.DefaultFileWatcherProbeRegistry] Triggering watch probe for C:\Users\isaac\Desktop\309_Project\3_ug_1\Frontend
2022-12-07T23:44:20.799-0600 [DEBUG] [org.gradle.cache.internal.DefaultFileLockManager] Waiting to acquire shared lock on daemon addresses registry.
2022-12-07T23:44:20.800-0600 [DEBUG] [org.gradle.cache.internal.DefaultFileLockManager] Lock acquired on daemon addresses registry.
2022-12-07T23:44:20.800-0600 [DEBUG] [org.gradle.cache.internal.DefaultFileLockManager] Releasing lock on daemon addresses registry.
2022-12-07T23:44:20.802-0600 [DEBUG] [org.gradle.cache.internal.DefaultFileLockManager] Waiting to acquire shared lock on daemon addresses registry.
2022-12-07T23:44:20.802-0600 [DEBUG] [org.gradle.cache.internal.DefaultFileLockManager] Lock acquired on daemon addresses registry.
2022-12-07T23:44:20.803-0600 [DEBUG] [org.gradle.cache.internal.DefaultFileLockManager] Releasing lock on daemon addresses registry.
2022-12-07T23:44:20.804-0600 [DEBUG] [org.gradle.cache.internal.DefaultFileLockManager] Waiting to acquire shared lock on daemon addresses registry.
2022-12-07T23:44:20.804-0600 [DEBUG] [org.gradle.cache.internal.DefaultFileLockManager] Lock acquired on daemon addresses registry.
2022-12-07T23:44:20.805-0600 [DEBUG] [org.gradle.cache.internal.DefaultFileLockManager] Releasing lock on daemon addresses registry.
2022-12-07T23:44:21.159-0600 [DEBUG] [org.gradle.internal.watch.vfs.impl.WatchingVirtualFileSystem] Handling VFS change REMOVED C:\Users\isaac\Desktop\309_Project\3_ug_1\Frontend\app\build\intermediates\manifest_merge_blame_file\debug\manifest-merger-blame-debug-report.txt
2022-12-07T23:44:21.160-0600 [DEBUG] [org.gradle.internal.watch.vfs.impl.WatchingVirtualFileSystem] Handling VFS change REMOVED C:\Users\isaac\Desktop\309_Project\3_ug_1\Frontend\app\build\intermediates\merged_manifest\debug\AndroidManifest.xml
2022-12-07T23:44:21.162-0600 [DEBUG] [org.gradle.internal.watch.vfs.impl.WatchingVirtualFileSystem] Handling VFS change REMOVED C:\Users\isaac\Desktop\309_Project\3_ug_1\Frontend\app\build\outputs\logs\manifest-merger-debug-report.txt
2022-12-07T23:44:21.621-0600 [DEBUG] [org.gradle.internal.watch.vfs.impl.WatchingVirtualFileSystem] Handling VFS change REMOVED C:\Users\isaac\Desktop\309_Project\3_ug_1\Frontend\app\build\intermediates\merged_manifests\debug\AndroidManifest.xml
2022-12-07T23:44:21.624-0600 [DEBUG] [org.gradle.internal.watch.vfs.impl.WatchingVirtualFileSystem] Handling VFS change REMOVED C:\Users\isaac\Desktop\309_Project\3_ug_1\Frontend\app\build\intermediates\merged_manifests\debug\output-metadata.json
2022-12-07T23:44:22.118-0600 [DEBUG] [org.gradle.internal.watch.vfs.impl.WatchingVirtualFileSystem] Handling VFS change REMOVED C:\Users\isaac\Desktop\309_Project\3_ug_1\Frontend\app\build\intermediates\packaged_manifests\debug\AndroidManifest.xml
2022-12-07T23:44:22.118-0600 [DEBUG] [org.gradle.internal.watch.vfs.impl.WatchingVirtualFileSystem] Handling VFS change REMOVED C:\Users\isaac\Desktop\309_Project\3_ug_1\Frontend\app\build\intermediates\packaged_manifests\debug\output-metadata.json
2022-12-07T23:44:22.580-0600 [DEBUG] [org.gradle.internal.watch.vfs.impl.WatchingVirtualFileSystem] Handling VFS change MODIFIED C:\Users\isaac\Desktop\309_Project\3_ug_1\Frontend\app\build\intermediates\dex\debug\mergeExtDexDebug\classes.dex
2022-12-07T23:44:22.681-0600 [DEBUG] [org.gradle.internal.watch.vfs.impl.WatchingVirtualFileSystem] Handling VFS change REMOVED C:\Users\isaac\Desktop\309_Project\3_ug_1\Frontend\app\build\intermediates\dex\debug\mergeLibDexDebug\0
2022-12-07T23:44:22.685-0600 [DEBUG] [org.gradle.internal.watch.vfs.impl.WatchingVirtualFileSystem] Handling VFS change REMOVED C:\Users\isaac\Desktop\309_Project\3_ug_1\Frontend\app\build\intermediates\dex\debug\mergeLibDexDebug\1
2022-12-07T23:44:22.686-0600 [DEBUG] [org.gradle.internal.watch.vfs.impl.WatchingVirtualFileSystem] Handling VFS change REMOVED C:\Users\isaac\Desktop\309_Project\3_ug_1\Frontend\app\build\intermediates\dex\debug\mergeLibDexDebug\10
2022-12-07T23:44:22.687-0600 [DEBUG] [org.gradle.internal.watch.vfs.impl.WatchingVirtualFileSystem] Handling VFS change REMOVED C:\Users\isaac\Desktop\309_Project\3_ug_1\Frontend\app\build\intermediates\dex\debug\mergeLibDexDebug\11
2022-12-07T23:44:22.691-0600 [DEBUG] [org.gradle.internal.watch.vfs.impl.WatchingVirtualFileSystem] Handling VFS change REMOVED C:\Users\isaac\Desktop\309_Project\3_ug_1\Frontend\app\build\intermediates\dex\debug\mergeLibDexDebug\12
2022-12-07T23:44:22.704-0600 [DEBUG] [org.gradle.internal.watch.vfs.impl.WatchingVirtualFileSystem] Handling VFS change REMOVED C:\Users\isaac\Desktop\309_Project\3_ug_1\Frontend\app\build\intermediates\dex\debug\mergeLibDexDebug\13
2022-12-07T23:44:22.707-0600 [DEBUG] [org.gradle.internal.watch.vfs.impl.WatchingVirtualFileSystem] Handling VFS change REMOVED C:\Users\isaac\Desktop\309_Project\3_ug_1\Frontend\app\build\intermediates\dex\debug\mergeLibDexDebug\14
2022-12-07T23:44:22.708-0600 [DEBUG] [org.gradle.internal.watch.vfs.impl.WatchingVirtualFileSystem] Handling VFS change REMOVED C:\Users\isaac\Desktop\309_Project\3_ug_1\Frontend\app\build\intermediates\dex\debug\mergeLibDexDebug\15
2022-12-07T23:44:22.710-0600 [DEBUG] [org.gradle.internal.watch.vfs.impl.WatchingVirtualFileSystem] Handling VFS change REMOVED C:\Users\isaac\Desktop\309_Project\3_ug_1\Frontend\app\build\intermediates\dex\debug\mergeLibDexDebug\2
2022-12-07T23:44:22.711-0600 [DEBUG] [org.gradle.internal.watch.vfs.impl.WatchingVirtualFileSystem] Handling VFS change REMOVED C:\Users\isaac\Desktop\309_Project\3_ug_1\Frontend\app\build\intermediates\dex\debug\mergeLibDexDebug\3
2022-12-07T23:44:22.716-0600 [DEBUG] [org.gradle.internal.watch.vfs.impl.WatchingVirtualFileSystem] Handling VFS change REMOVED C:\Users\isaac\Desktop\309_Project\3_ug_1\Frontend\app\build\intermediates\dex\debug\mergeLibDexDebug\4
2022-12-07T23:44:22.717-0600 [DEBUG] [org.gradle.internal.watch.vfs.impl.WatchingVirtualFileSystem] Handling VFS change REMOVED C:\Users\isaac\Desktop\309_Project\3_ug_1\Frontend\app\build\intermediates\dex\debug\mergeLibDexDebug\5
2022-12-07T23:44:22.719-0600 [DEBUG] [org.gradle.internal.watch.vfs.impl.WatchingVirtualFileSystem] Handling VFS change REMOVED C:\Users\isaac\Desktop\309_Project\3_ug_1\Frontend\app\build\intermediates\dex\debug\mergeLibDexDebug\6
2022-12-07T23:44:22.721-0600 [DEBUG] [org.gradle.internal.watch.vfs.impl.WatchingVirtualFileSystem] Handling VFS change REMOVED C:\Users\isaac\Desktop\309_Project\3_ug_1\Frontend\app\build\intermediates\dex\debug\mergeLibDexDebug\7
2022-12-07T23:44:22.724-0600 [DEBUG] [org.gradle.internal.watch.vfs.impl.WatchingVirtualFileSystem] Handling VFS change REMOVED C:\Users\isaac\Desktop\309_Project\3_ug_1\Frontend\app\build\intermediates\dex\debug\mergeLibDexDebug\8
2022-12-07T23:44:22.725-0600 [DEBUG] [org.gradle.internal.watch.vfs.impl.WatchingVirtualFileSystem] Handling VFS change REMOVED C:\Users\isaac\Desktop\309_Project\3_ug_1\Frontend\app\build\intermediates\dex\debug\mergeLibDexDebug\9
2022-12-07T23:44:22.877-0600 [DEBUG] [org.gradle.internal.watch.vfs.impl.WatchingVirtualFileSystem] Handling VFS change REMOVED C:\Users\isaac\Desktop\309_Project\3_ug_1\Frontend\app\build\intermediates\signing_config_versions\debug\signing-config-versions.json
2022-12-07T23:44:23.111-0600 [DEBUG] [org.gradle.internal.watch.vfs.impl.WatchingVirtualFileSystem] Handling VFS change REMOVED C:\Users\isaac\Desktop\309_Project\3_ug_1\Frontend\app\build\intermediates\compile_and_runtime_not_namespaced_r_class_jar\debug\R.jar
2022-12-07T23:44:23.112-0600 [DEBUG] [org.gradle.internal.watch.vfs.impl.WatchingVirtualFileSystem] Handling VFS change REMOVED C:\Users\isaac\Desktop\309_Project\3_ug_1\Frontend\app\build\intermediates\processed_res\debug\out\output-metadata.json
2022-12-07T23:44:23.113-0600 [DEBUG] [org.gradle.internal.watch.vfs.impl.WatchingVirtualFileSystem] Handling VFS change REMOVED C:\Users\isaac\Desktop\309_Project\3_ug_1\Frontend\app\build\intermediates\processed_res\debug\out\resources-debug.ap_
2022-12-07T23:44:23.114-0600 [DEBUG] [org.gradle.internal.watch.vfs.impl.WatchingVirtualFileSystem] Handling VFS change REMOVED C:\Users\isaac\Desktop\309_Project\3_ug_1\Frontend\app\build\intermediates\symbol_list_with_package_name\debug\package-aware-r.txt
2022-12-07T23:44:23.115-0600 [DEBUG] [org.gradle.internal.watch.vfs.impl.WatchingVirtualFileSystem] Handling VFS change REMOVED C:\Users\isaac\Desktop\309_Project\3_ug_1\Frontend\app\build\intermediates\runtime_symbol_list\debug\R.txt
2022-12-07T23:44:28.954-0600 [DEBUG] [org.gradle.internal.watch.vfs.impl.WatchingVirtualFileSystem] Handling VFS change MODIFIED C:\Users\isaac\Desktop\309_Project\3_ug_1\Frontend\app\build\intermediates\project_dex_archive\debug\out\75b48e5110265a260f521ff9df016fba571b49148ee36896725150578b901e91_0.jar
2022-12-07T23:44:28.955-0600 [DEBUG] [org.gradle.internal.watch.vfs.impl.WatchingVirtualFileSystem] Handling VFS change MODIFIED C:\Users\isaac\Desktop\309_Project\3_ug_1\Frontend\app\build\intermediates\project_dex_archive\debug\out\75b48e5110265a260f521ff9df016fba571b49148ee36896725150578b901e91_1.jar
2022-12-07T23:44:28.956-0600 [DEBUG] [org.gradle.internal.watch.vfs.impl.WatchingVirtualFileSystem] Handling VFS change MODIFIED C:\Users\isaac\Desktop\309_Project\3_ug_1\Frontend\app\build\intermediates\project_dex_archive\debug\out\75b48e5110265a260f521ff9df016fba571b49148ee36896725150578b901e91_2.jar
2022-12-07T23:44:28.956-0600 [DEBUG] [org.gradle.internal.watch.vfs.impl.WatchingVirtualFileSystem] Handling VFS change MODIFIED C:\Users\isaac\Desktop\309_Project\3_ug_1\Frontend\app\build\intermediates\project_dex_archive\debug\out\75b48e5110265a260f521ff9df016fba571b49148ee36896725150578b901e91_3.jar
2022-12-07T23:44:28.958-0600 [DEBUG] [org.gradle.internal.watch.vfs.impl.WatchingVirtualFileSystem] Handling VFS change MODIFIED C:\Users\isaac\Desktop\309_Project\3_ug_1\Frontend\app\build\intermediates\project_dex_archive\debug\out\75b48e5110265a260f521ff9df016fba571b49148ee36896725150578b901e91_4.jar
2022-12-07T23:44:28.960-0600 [DEBUG] [org.gradle.internal.watch.vfs.impl.WatchingVirtualFileSystem] Handling VFS change MODIFIED C:\Users\isaac\Desktop\309_Project\3_ug_1\Frontend\app\build\intermediates\project_dex_archive\debug\out\75b48e5110265a260f521ff9df016fba571b49148ee36896725150578b901e91_5.jar
2022-12-07T23:44:28.965-0600 [DEBUG] [org.gradle.internal.watch.vfs.impl.WatchingVirtualFileSystem] Handling VFS change MODIFIED C:\Users\isaac\Desktop\309_Project\3_ug_1\Frontend\app\build\intermediates\project_dex_archive\debug\out\com\example\app\AddFriend$1.dex
2022-12-07T23:44:28.967-0600 [DEBUG] [org.gradle.internal.watch.vfs.impl.WatchingVirtualFileSystem] Handling VFS change MODIFIED C:\Users\isaac\Desktop\309_Project\3_ug_1\Frontend\app\build\intermediates\project_dex_archive\debug\out\com\example\app\AddFriend$2.dex
2022-12-07T23:44:28.968-0600 [DEBUG] [org.gradle.internal.watch.vfs.impl.WatchingVirtualFileSystem] Handling VFS change MODIFIED C:\Users\isaac\Desktop\309_Project\3_ug_1\Frontend\app\build\intermediates\project_dex_archive\debug\out\com\example\app\AddFriend$3.dex
2022-12-07T23:44:28.969-0600 [DEBUG] [org.gradle.internal.watch.vfs.impl.WatchingVirtualFileSystem] Handling VFS change MODIFIED C:\Users\isaac\Desktop\309_Project\3_ug_1\Frontend\app\build\intermediates\project_dex_archive\debug\out\com\example\app\AddFriend$4.dex
2022-12-07T23:44:28.971-0600 [DEBUG] [org.gradle.internal.watch.vfs.impl.WatchingVirtualFileSystem] Handling VFS change MODIFIED C:\Users\isaac\Desktop\309_Project\3_ug_1\Frontend\app\build\intermediates\project_dex_archive\debug\out\com\example\app\AddFriend$5.dex
2022-12-07T23:44:28.975-0600 [DEBUG] [org.gradle.internal.watch.vfs.impl.WatchingVirtualFileSystem] Handling VFS change MODIFIED C:\Users\isaac\Desktop\309_Project\3_ug_1\Frontend\app\build\intermediates\project_dex_archive\debug\out\com\example\app\AddFriend.dex
2022-12-07T23:44:28.997-0600 [DEBUG] [org.gradle.internal.watch.vfs.impl.WatchingVirtualFileSystem] Handling VFS change MODIFIED C:\Users\isaac\Desktop\309_Project\3_ug_1\Frontend\app\build\intermediates\project_dex_archive\debug\out\com\example\app\AppController.dex
2022-12-07T23:44:28.999-0600 [DEBUG] [org.gradle.internal.watch.vfs.impl.WatchingVirtualFileSystem] Handling VFS change MODIFIED C:\Users\isaac\Desktop\309_Project\3_ug_1\Frontend\app\build\intermediates\project_dex_archive\debug\out\com\example\app\BuildConfig.dex
2022-12-07T23:44:29.001-0600 [DEBUG] [org.gradle.internal.watch.vfs.impl.WatchingVirtualFileSystem] Handling VFS change MODIFIED C:\Users\isaac\Desktop\309_Project\3_ug_1\Frontend\app\build\intermediates\project_dex_archive\debug\out\com\example\app\Const.dex
2022-12-07T23:44:29.003-0600 [DEBUG] [org.gradle.internal.watch.vfs.impl.WatchingVirtualFileSystem] Handling VFS change MODIFIED C:\Users\isaac\Desktop\309_Project\3_ug_1\Frontend\app\build\intermediates\project_dex_archive\debug\out\com\example\app\CreateAccount$1.dex
2022-12-07T23:44:29.011-0600 [DEBUG] [org.gradle.internal.watch.vfs.impl.WatchingVirtualFileSystem] Handling VFS change MODIFIED C:\Users\isaac\Desktop\309_Project\3_ug_1\Frontend\app\build\intermediates\project_dex_archive\debug\out\com\example\app\CreateAccount$2.dex
2022-12-07T23:44:29.017-0600 [DEBUG] [org.gradle.internal.watch.vfs.impl.WatchingVirtualFileSystem] Handling VFS change MODIFIED C:\Users\isaac\Desktop\309_Project\3_ug_1\Frontend\app\build\intermediates\project_dex_archive\debug\out\com\example\app\CreateAccount.dex
2022-12-07T23:44:29.022-0600 [DEBUG] [org.gradle.internal.watch.vfs.impl.WatchingVirtualFileSystem] Handling VFS change MODIFIED C:\Users\isaac\Desktop\309_Project\3_ug_1\Frontend\app\build\intermediates\project_dex_archive\debug\out\com\example\app\Dashboard$1.dex
2022-12-07T23:44:29.027-0600 [DEBUG] [org.gradle.internal.watch.vfs.impl.WatchingVirtualFileSystem] Handling VFS change MODIFIED C:\Users\isaac\Desktop\309_Project\3_ug_1\Frontend\app\build\intermediates\project_dex_archive\debug\out\com\example\app\Dashboard.dex
2022-12-07T23:44:29.027-0600 [DEBUG] [org.gradle.internal.watch.vfs.impl.WatchingVirtualFileSystem] Handling VFS change MODIFIED C:\Users\isaac\Desktop\309_Project\3_ug_1\Frontend\app\build\intermediates\project_dex_archive\debug\out\com\example\app\HostGame.dex
2022-12-07T23:44:29.028-0600 [DEBUG] [org.gradle.internal.watch.vfs.impl.WatchingVirtualFileSystem] Handling VFS change MODIFIED C:\Users\isaac\Desktop\309_Project\3_ug_1\Frontend\app\build\intermediates\project_dex_archive\debug\out\com\example\app\JoinGame$1$1.dex
2022-12-07T23:44:29.031-0600 [DEBUG] [org.gradle.internal.watch.vfs.impl.WatchingVirtualFileSystem] Handling VFS change MODIFIED C:\Users\isaac\Desktop\309_Project\3_ug_1\Frontend\app\build\intermediates\project_dex_archive\debug\out\com\example\app\JoinGame$1.dex
2022-12-07T23:44:29.033-0600 [DEBUG] [org.gradle.internal.watch.vfs.impl.WatchingVirtualFileSystem] Handling VFS change MODIFIED C:\Users\isaac\Desktop\309_Project\3_ug_1\Frontend\app\build\intermediates\project_dex_archive\debug\out\com\example\app\JoinGame.dex
2022-12-07T23:44:29.037-0600 [DEBUG] [org.gradle.internal.watch.vfs.impl.WatchingVirtualFileSystem] Handling VFS change MODIFIED C:\Users\isaac\Desktop\309_Project\3_ug_1\Frontend\app\build\intermediates\project_dex_archive\debug\out\com\example\app\Lobby.dex
2022-12-07T23:44:29.038-0600 [DEBUG] [org.gradle.internal.watch.vfs.impl.WatchingVirtualFileSystem] Handling VFS change MODIFIED C:\Users\isaac\Desktop\309_Project\3_ug_1\Frontend\app\build\intermediates\project_dex_archive\debug\out\com\example\app\Login$1.dex
2022-12-07T23:44:29.042-0600 [DEBUG] [org.gradle.internal.watch.vfs.impl.WatchingVirtualFileSystem] Handling VFS change MODIFIED C:\Users\isaac\Desktop\309_Project\3_ug_1\Frontend\app\build\intermediates\project_dex_archive\debug\out\com\example\app\Login$2.dex
2022-12-07T23:44:29.045-0600 [DEBUG] [org.gradle.internal.watch.vfs.impl.WatchingVirtualFileSystem] Handling VFS change MODIFIED C:\Users\isaac\Desktop\309_Project\3_ug_1\Frontend\app\build\intermediates\project_dex_archive\debug\out\com\example\app\Login$3.dex
2022-12-07T23:44:29.046-0600 [DEBUG] [org.gradle.internal.watch.vfs.impl.WatchingVirtualFileSystem] Handling VFS change MODIFIED C:\Users\isaac\Desktop\309_Project\3_ug_1\Frontend\app\build\intermediates\project_dex_archive\debug\out\com\example\app\Login$4.dex
2022-12-07T23:44:29.047-0600 [DEBUG] [org.gradle.internal.watch.vfs.impl.WatchingVirtualFileSystem] Handling VFS change MODIFIED C:\Users\isaac\Desktop\309_Project\3_ug_1\Frontend\app\build\intermediates\project_dex_archive\debug\out\com\example\app\Login.dex
2022-12-07T23:44:29.048-0600 [DEBUG] [org.gradle.internal.watch.vfs.impl.WatchingVirtualFileSystem] Handling VFS change MODIFIED C:\Users\isaac\Desktop\309_Project\3_ug_1\Frontend\app\build\intermediates\project_dex_archive\debug\out\com\example\app\Profile$1.dex
2022-12-07T23:44:29.049-0600 [DEBUG] [org.gradle.internal.watch.vfs.impl.WatchingVirtualFileSystem] Handling VFS change MODIFIED C:\Users\isaac\Desktop\309_Project\3_ug_1\Frontend\app\build\intermediates\project_dex_archive\debug\out\com\example\app\Profile$2.dex
2022-12-07T23:44:29.051-0600 [DEBUG] [org.gradle.internal.watch.vfs.impl.WatchingVirtualFileSystem] Handling VFS change MODIFIED C:\Users\isaac\Desktop\309_Project\3_ug_1\Frontend\app\build\intermediates\project_dex_archive\debug\out\com\example\app\Profile$3.dex
2022-12-07T23:44:29.053-0600 [DEBUG] [org.gradle.internal.watch.vfs.impl.WatchingVirtualFileSystem] Handling VFS change MODIFIED C:\Users\isaac\Desktop\309_Project\3_ug_1\Frontend\app\build\intermediates\project_dex_archive\debug\out\com\example\app\Profile$4.dex
2022-12-07T23:44:29.054-0600 [DEBUG] [org.gradle.internal.watch.vfs.impl.WatchingVirtualFileSystem] Handling VFS change MODIFIED C:\Users\isaac\Desktop\309_Project\3_ug_1\Frontend\app\build\intermediates\project_dex_archive\debug\out\com\example\app\Profile$5.dex
2022-12-07T23:44:29.055-0600 [DEBUG] [org.gradle.internal.watch.vfs.impl.WatchingVirtualFileSystem] Handling VFS change MODIFIED C:\Users\isaac\Desktop\309_Project\3_ug_1\Frontend\app\build\intermediates\project_dex_archive\debug\out\com\example\app\Profile$6.dex
2022-12-07T23:44:29.056-0600 [DEBUG] [org.gradle.internal.watch.vfs.impl.WatchingVirtualFileSystem] Handling VFS change MODIFIED C:\Users\isaac\Desktop\309_Project\3_ug_1\Frontend\app\build\intermediates\project_dex_archive\debug\out\com\example\app\Profile$7.dex
2022-12-07T23:44:29.057-0600 [DEBUG] [org.gradle.internal.watch.vfs.impl.WatchingVirtualFileSystem] Handling VFS change MODIFIED C:\Users\isaac\Desktop\309_Project\3_ug_1\Frontend\app\build\intermediates\project_dex_archive\debug\out\com\example\app\Profile$8.dex
2022-12-07T23:44:29.058-0600 [DEBUG] [org.gradle.internal.watch.vfs.impl.WatchingVirtualFileSystem] Handling VFS change MODIFIED C:\Users\isaac\Desktop\309_Project\3_ug_1\Frontend\app\build\intermediates\project_dex_archive\debug\out\com\example\app\Profile.dex
2022-12-07T23:44:29.059-0600 [DEBUG] [org.gradle.internal.watch.vfs.impl.WatchingVirtualFileSystem] Handling VFS change MODIFIED C:\Users\isaac\Desktop\309_Project\3_ug_1\Frontend\app\build\intermediates\project_dex_archive\debug\out\com\example\app\Trivia.dex
2022-12-07T23:44:29.059-0600 [DEBUG] [org.gradle.internal.watch.vfs.impl.WatchingVirtualFileSystem] Handling VFS change MODIFIED C:\Users\isaac\Desktop\309_Project\3_ug_1\Frontend\app\build\intermediates\project_dex_archive\debug\out\com\example\app\User.dex
2022-12-07T23:44:29.061-0600 [DEBUG] [org.gradle.internal.watch.vfs.impl.WatchingVirtualFileSystem] Handling VFS change REMOVED C:\Users\isaac\Desktop\309_Project\3_ug_1\Frontend\app\build\intermediates\project_dex_archive\debug\out\com\example\app
2022-12-07T23:44:29.061-0600 [DEBUG] [org.gradle.internal.watch.vfs.impl.WatchingVirtualFileSystem] Handling VFS change REMOVED C:\Users\isaac\Desktop\309_Project\3_ug_1\Frontend\app\build\intermediates\project_dex_archive\debug\out\com\example
2022-12-07T23:44:29.062-0600 [DEBUG] [org.gradle.internal.watch.vfs.impl.WatchingVirtualFileSystem] Handling VFS change REMOVED C:\Users\isaac\Desktop\309_Project\3_ug_1\Frontend\app\build\intermediates\project_dex_archive\debug\out\com
2022-12-07T23:44:30.652-0600 [DEBUG] [org.gradle.internal.watch.vfs.impl.WatchingVirtualFileSystem] Handling VFS change MODIFIED C:\Users\isaac\Desktop\309_Project\3_ug_1\Frontend\app\build\intermediates\dex\debug\mergeProjectDexDebug\0\classes.dex
2022-12-07T23:44:30.653-0600 [DEBUG] [org.gradle.internal.watch.vfs.impl.WatchingVirtualFileSystem] Handling VFS change REMOVED C:\Users\isaac\Desktop\309_Project\3_ug_1\Frontend\app\build\intermediates\dex\debug\mergeProjectDexDebug\0
2022-12-07T23:44:30.653-0600 [DEBUG] [org.gradle.internal.watch.vfs.impl.WatchingVirtualFileSystem] Handling VFS change REMOVED C:\Users\isaac\Desktop\309_Project\3_ug_1\Frontend\app\build\intermediates\dex\debug\mergeProjectDexDebug\1
2022-12-07T23:44:30.653-0600 [DEBUG] [org.gradle.internal.watch.vfs.impl.WatchingVirtualFileSystem] Handling VFS change REMOVED C:\Users\isaac\Desktop\309_Project\3_ug_1\Frontend\app\build\intermediates\dex\debug\mergeProjectDexDebug\10
2022-12-07T23:44:30.653-0600 [DEBUG] [org.gradle.internal.watch.vfs.impl.WatchingVirtualFileSystem] Handling VFS change REMOVED C:\Users\isaac\Desktop\309_Project\3_ug_1\Frontend\app\build\intermediates\dex\debug\mergeProjectDexDebug\11
2022-12-07T23:44:30.656-0600 [DEBUG] [org.gradle.internal.watch.vfs.impl.WatchingVirtualFileSystem] Handling VFS change REMOVED C:\Users\isaac\Desktop\309_Project\3_ug_1\Frontend\app\build\intermediates\dex\debug\mergeProjectDexDebug\12
2022-12-07T23:44:30.656-0600 [DEBUG] [org.gradle.internal.watch.vfs.impl.WatchingVirtualFileSystem] Handling VFS change REMOVED C:\Users\isaac\Desktop\309_Project\3_ug_1\Frontend\app\build\intermediates\dex\debug\mergeProjectDexDebug\13
2022-12-07T23:44:30.656-0600 [DEBUG] [org.gradle.internal.watch.vfs.impl.WatchingVirtualFileSystem] Handling VFS change REMOVED C:\Users\isaac\Desktop\309_Project\3_ug_1\Frontend\app\build\intermediates\dex\debug\mergeProjectDexDebug\14
2022-12-07T23:44:30.658-0600 [DEBUG] [org.gradle.internal.watch.vfs.impl.WatchingVirtualFileSystem] Handling VFS change REMOVED C:\Users\isaac\Desktop\309_Project\3_ug_1\Frontend\app\build\intermediates\dex\debug\mergeProjectDexDebug\15
2022-12-07T23:44:30.658-0600 [DEBUG] [org.gradle.internal.watch.vfs.impl.WatchingVirtualFileSystem] Handling VFS change REMOVED C:\Users\isaac\Desktop\309_Project\3_ug_1\Frontend\app\build\intermediates\dex\debug\mergeProjectDexDebug\2
2022-12-07T23:44:30.659-0600 [DEBUG] [org.gradle.internal.watch.vfs.impl.WatchingVirtualFileSystem] Handling VFS change REMOVED C:\Users\isaac\Desktop\309_Project\3_ug_1\Frontend\app\build\intermediates\dex\debug\mergeProjectDexDebug\3
2022-12-07T23:44:30.660-0600 [DEBUG] [org.gradle.internal.watch.vfs.impl.WatchingVirtualFileSystem] Handling VFS change REMOVED C:\Users\isaac\Desktop\309_Project\3_ug_1\Frontend\app\build\intermediates\dex\debug\mergeProjectDexDebug\4
2022-12-07T23:44:30.661-0600 [DEBUG] [org.gradle.internal.watch.vfs.impl.WatchingVirtualFileSystem] Handling VFS change REMOVED C:\Users\isaac\Desktop\309_Project\3_ug_1\Frontend\app\build\intermediates\dex\debug\mergeProjectDexDebug\5
2022-12-07T23:44:30.663-0600 [DEBUG] [org.gradle.internal.watch.vfs.impl.WatchingVirtualFileSystem] Handling VFS change MODIFIED C:\Users\isaac\Desktop\309_Project\3_ug_1\Frontend\app\build\intermediates\dex\debug\mergeProjectDexDebug\6\classes.dex
2022-12-07T23:44:30.664-0600 [DEBUG] [org.gradle.internal.watch.vfs.impl.WatchingVirtualFileSystem] Handling VFS change REMOVED C:\Users\isaac\Desktop\309_Project\3_ug_1\Frontend\app\build\intermediates\dex\debug\mergeProjectDexDebug\6
2022-12-07T23:44:30.665-0600 [DEBUG] [org.gradle.internal.watch.vfs.impl.WatchingVirtualFileSystem] Handling VFS change REMOVED C:\Users\isaac\Desktop\309_Project\3_ug_1\Frontend\app\build\intermediates\dex\debug\mergeProjectDexDebug\7
2022-12-07T23:44:30.666-0600 [DEBUG] [org.gradle.internal.watch.vfs.impl.WatchingVirtualFileSystem] Handling VFS change REMOVED C:\Users\isaac\Desktop\309_Project\3_ug_1\Frontend\app\build\intermediates\dex\debug\mergeProjectDexDebug\8
2022-12-07T23:44:30.667-0600 [DEBUG] [org.gradle.internal.watch.vfs.impl.WatchingVirtualFileSystem] Handling VFS change REMOVED C:\Users\isaac\Desktop\309_Project\3_ug_1\Frontend\app\build\intermediates\dex\debug\mergeProjectDexDebug\9
2022-12-07T23:44:30.751-0600 [DEBUG] [org.gradle.cache.internal.DefaultFileLockManager] Waiting to acquire shared lock on daemon addresses registry.
2022-12-07T23:44:30.751-0600 [DEBUG] [org.gradle.cache.internal.DefaultFileLockManager] Lock acquired on daemon addresses registry.
2022-12-07T23:44:30.752-0600 [DEBUG] [org.gradle.cache.internal.DefaultFileLockManager] Releasing lock on daemon addresses registry.
2022-12-07T23:44:30.754-0600 [DEBUG] [org.gradle.cache.internal.DefaultFileLockManager] Waiting to acquire shared lock on daemon addresses registry.
2022-12-07T23:44:30.755-0600 [DEBUG] [org.gradle.cache.internal.DefaultFileLockManager] Lock acquired on daemon addresses registry.
2022-12-07T23:44:30.755-0600 [DEBUG] [org.gradle.cache.internal.DefaultFileLockManager] Releasing lock on daemon addresses registry.
2022-12-07T23:44:30.758-0600 [DEBUG] [org.gradle.cache.internal.DefaultFileLockManager] Waiting to acquire shared lock on daemon addresses registry.
2022-12-07T23:44:30.758-0600 [DEBUG] [org.gradle.cache.internal.DefaultFileLockManager] Lock acquired on daemon addresses registry.
2022-12-07T23:44:30.759-0600 [DEBUG] [org.gradle.cache.internal.DefaultFileLockManager] Releasing lock on daemon addresses registry.
2022-12-07T23:44:30.882-0600 [DEBUG] [org.gradle.internal.watch.vfs.impl.WatchingVirtualFileSystem] Handling VFS change MODIFIED C:\Users\isaac\Desktop\309_Project\3_ug_1\Frontend\app\build\intermediates\incremental\packageDebug\tmp\debug\dex-renamer-state.txt
2022-12-07T23:44:30.883-0600 [DEBUG] [org.gradle.internal.watch.vfs.impl.WatchingVirtualFileSystem] Handling VFS change MODIFIED C:\Users\isaac\Desktop\309_Project\3_ug_1\Frontend\app\build\intermediates\incremental\packageDebug\tmp\debug\zip-cache\androidResources
2022-12-07T23:44:30.885-0600 [DEBUG] [org.gradle.internal.watch.vfs.impl.WatchingVirtualFileSystem] Handling VFS change MODIFIED C:\Users\isaac\Desktop\309_Project\3_ug_1\Frontend\app\build\intermediates\incremental\packageDebug\tmp\debug\zip-cache\javaResources0
2022-12-07T23:44:30.887-0600 [DEBUG] [org.gradle.internal.watch.vfs.impl.WatchingVirtualFileSystem] Handling VFS change REMOVED C:\Users\isaac\Desktop\309_Project\3_ug_1\Frontend\app\build\intermediates\incremental\packageDebug\tmp\debug\zip-cache
2022-12-07T23:44:30.888-0600 [DEBUG] [org.gradle.internal.watch.vfs.impl.WatchingVirtualFileSystem] Handling VFS change REMOVED C:\Users\isaac\Desktop\309_Project\3_ug_1\Frontend\app\build\intermediates\incremental\packageDebug\tmp\debug
2022-12-07T23:44:31.763-0600 [DEBUG] [org.gradle.internal.watch.vfs.impl.WatchingVirtualFileSystem] Handling VFS change REMOVED C:\Users\isaac\Desktop\309_Project\3_ug_1\Frontend\app\build\intermediates\apk_ide_redirect_file\debug\redirect.txt
2022-12-07T23:44:40.746-0600 [DEBUG] [org.gradle.cache.internal.DefaultFileLockManager] Waiting to acquire shared lock on daemon addresses registry.
2022-12-07T23:44:40.746-0600 [DEBUG] [org.gradle.cache.internal.DefaultFileLockManager] Lock acquired on daemon addresses registry.
2022-12-07T23:44:40.747-0600 [DEBUG] [org.gradle.cache.internal.DefaultFileLockManager] Releasing lock on daemon addresses registry.
2022-12-07T23:44:40.750-0600 [DEBUG] [org.gradle.cache.internal.DefaultFileLockManager] Waiting to acquire shared lock on daemon addresses registry.
2022-12-07T23:44:40.750-0600 [DEBUG] [org.gradle.cache.internal.DefaultFileLockManager] Lock acquired on daemon addresses registry.
2022-12-07T23:44:40.751-0600 [DEBUG] [org.gradle.cache.internal.DefaultFileLockManager] Releasing lock on daemon addresses registry.
2022-12-07T23:44:40.752-0600 [DEBUG] [org.gradle.cache.internal.DefaultFileLockManager] Waiting to acquire shared lock on daemon addresses registry.
2022-12-07T23:44:40.753-0600 [DEBUG] [org.gradle.cache.internal.DefaultFileLockManager] Lock acquired on daemon addresses registry.
2022-12-07T23:44:40.753-0600 [DEBUG] [org.gradle.cache.internal.DefaultFileLockManager] Releasing lock on daemon addresses registry.
2022-12-07T23:44:40.754-0600 [DEBUG] [org.gradle.cache.internal.DefaultFileLockManager] Waiting to acquire shared lock on daemon addresses registry.
2022-12-07T23:44:40.755-0600 [DEBUG] [org.gradle.cache.internal.DefaultFileLockManager] Lock acquired on daemon addresses registry.
2022-12-07T23:44:40.755-0600 [DEBUG] [org.gradle.cache.internal.DefaultFileLockManager] Releasing lock on daemon addresses registry.
2022-12-07T23:44:40.756-0600 [DEBUG] [org.gradle.launcher.daemon.server.DaemonRegistryUpdater] Storing daemon stop event: other compatible daemons were started and after being idle for 0 minutes and not recently used
2022-12-07T23:44:40.756-0600 [DEBUG] [org.gradle.launcher.daemon.registry.PersistentDaemonRegistry] Storing daemon stop event with timestamp 1670478280757
2022-12-07T23:44:40.758-0600 [DEBUG] [org.gradle.cache.internal.DefaultFileLockManager] Waiting to acquire exclusive lock on daemon addresses registry.
2022-12-07T23:44:40.760-0600 [DEBUG] [org.gradle.cache.internal.DefaultFileLockManager] Lock acquired on daemon addresses registry.
2022-12-07T23:44:40.764-0600 [DEBUG] [org.gradle.cache.internal.DefaultFileLockManager] Releasing lock on daemon addresses registry.
2022-12-07T23:44:40.765-0600 [LIFECYCLE] [org.gradle.launcher.daemon.server.DaemonStateCoordinator] Daemon will be stopped at the end of the build other compatible daemons were started and after being idle for 0 minutes and not recently used
2022-12-07T23:44:40.765-0600 [DEBUG] [org.gradle.launcher.daemon.server.DaemonStateCoordinator] Marking daemon stopped due to other compatible daemons were started and after being idle for 0 minutes and not recently used. The daemon is running a build: false
2022-12-07T23:44:40.766-0600 [DEBUG] [org.gradle.launcher.daemon.server.DaemonStateCoordinator] daemon has stopped.
2022-12-07T23:44:40.767-0600 [DEBUG] [org.gradle.launcher.daemon.server.Daemon] stop() called on daemon
2022-12-07T23:44:40.767-0600 [INFO] [org.gradle.launcher.daemon.server.Daemon] Stop requested. Daemon is removing its presence from the registry...
2022-12-07T23:44:40.767-0600 [DEBUG] [org.gradle.launcher.daemon.server.DaemonRegistryUpdater] Removing our presence to clients, eg. removing this address from the registry: [bc0c18ab-72fe-4cbb-b113-c63ab5061262 port:49873, addresses:[localhost/127.0.0.1]]
2022-12-07T23:44:40.767-0600 [DEBUG] [org.gradle.launcher.daemon.registry.PersistentDaemonRegistry] Removing daemon address: [bc0c18ab-72fe-4cbb-b113-c63ab5061262 port:49873, addresses:[localhost/127.0.0.1]]
2022-12-07T23:44:40.769-0600 [DEBUG] [org.gradle.cache.internal.DefaultFileLockManager] Waiting to acquire exclusive lock on daemon addresses registry.
2022-12-07T23:44:40.770-0600 [DEBUG] [org.gradle.cache.internal.DefaultFileLockManager] Lock acquired on daemon addresses registry.
2022-12-07T23:44:40.772-0600 [DEBUG] [org.gradle.cache.internal.DefaultFileLockManager] Releasing lock on daemon addresses registry.
2022-12-07T23:44:40.772-0600 [DEBUG] [org.gradle.launcher.daemon.server.DaemonRegistryUpdater] Address removed from registry.
2022-12-07T23:44:40.791-0600 [DEBUG] [org.gradle.cache.internal.DefaultPersistentDirectoryStore] jars (C:\Users\isaac\Desktop\309_Project\3_ug_1\Frontend\caches\jars-9) has last been fully cleaned up 0 hours ago
2022-12-07T23:44:40.791-0600 [DEBUG] [org.gradle.cache.internal.DefaultCacheAccess] Cache jars (C:\Users\isaac\Desktop\309_Project\3_ug_1\Frontend\caches\jars-9) was closed 5 times.
2022-12-07T23:44:40.804-0600 [DEBUG] [org.gradle.cache.internal.DefaultCacheAccess] Cache file content cache (C:\Users\isaac\Desktop\309_Project\3_ug_1\Frontend\caches\7.3.3\fileContent) was closed 2 times.
2022-12-07T23:44:40.805-0600 [DEBUG] [org.gradle.internal.watch.vfs.impl.WatchingVirtualFileSystem] Closing VFS, dropping state
2022-12-07T23:44:40.806-0600 [DEBUG] [org.gradle.internal.watch.registry.impl.DefaultFileWatcherRegistry] Finished listening to file system change events
2022-12-07T23:44:40.806-0600 [DEBUG] [org.gradle.cache.internal.DefaultPersistentDirectoryStore] Artifact transforms cache (C:\Users\isaac\Desktop\309_Project\3_ug_1\Frontend\caches\transforms-3) has last been fully cleaned up 0 hours ago
2022-12-07T23:44:40.807-0600 [DEBUG] [org.gradle.cache.internal.DefaultCacheAccess] Cache Artifact transforms cache (C:\Users\isaac\Desktop\309_Project\3_ug_1\Frontend\caches\transforms-3) was closed 2 times.
2022-12-07T23:44:40.807-0600 [DEBUG] [org.gradle.cache.internal.DefaultPersistentDirectoryStore] artifact cache (C:\Users\isaac\Desktop\309_Project\3_ug_1\Frontend\caches\modules-2) has last been fully cleaned up 0 hours ago
2022-12-07T23:44:40.807-0600 [DEBUG] [org.gradle.cache.internal.DefaultCacheAccess] Cache artifact cache (C:\Users\isaac\Desktop\309_Project\3_ug_1\Frontend\caches\modules-2) was closed 7 times.
2022-12-07T23:44:40.807-0600 [DEBUG] [org.gradle.cache.internal.DefaultCacheAccess] Cache journal cache (C:\Users\isaac\Desktop\309_Project\3_ug_1\Frontend\caches\journal-1) was closed 9 times.
2022-12-07T23:44:40.808-0600 [DEBUG] [org.gradle.cache.internal.DefaultCacheAccess] Cache file hash cache (C:\Users\isaac\Desktop\309_Project\3_ug_1\Frontend\caches\7.3.3\fileHashes) was closed 9 times.
2022-12-07T23:44:40.808-0600 [DEBUG] [org.gradle.cache.internal.DefaultCacheAccess] Cache Generated Gradle JARs cache (C:\Users\isaac\Desktop\309_Project\3_ug_1\Frontend\caches\7.3.3\generated-gradle-jars) was closed 0 times.
2022-12-07T23:44:40.808-0600 [DEBUG] [org.gradle.cache.internal.DefaultCacheAccess] Cache execution history cache (C:\Users\isaac\Desktop\309_Project\3_ug_1\Frontend\caches\7.3.3\executionHistory) was closed 3 times.
Daemon vm is shutting down... The daemon has exited normally or was terminated in response to a user interrupt.
2022-12-07T23:44:40.810-0600 [DEBUG] [org.gradle.launcher.daemon.registry.PersistentDaemonRegistry] Removing daemon address: [bc0c18ab-72fe-4cbb-b113-c63ab5061262 port:49873, addresses:[localhost/127.0.0.1]]
2022-12-07T23:44:40.811-0600 [DEBUG] [org.gradle.cache.internal.DefaultFileLockManager] Waiting to acquire exclusive lock on daemon addresses registry.
2022-12-07T23:44:40.812-0600 [DEBUG] [org.gradle.cache.internal.DefaultFileLockManager] Lock acquired on daemon addresses registry.
2022-12-07T23:44:40.814-0600 [DEBUG] [org.gradle.cache.internal.DefaultFileLockManager] Releasing lock on daemon addresses registry.
